<?xml version="1.0" encoding="UTF-8"?>
<!-- Generated by org.testng.reporters.JUnitXMLReporter -->
<testsuite ignored="0" hostname="Kuldeep" failures="0" tests="3" name="Test" time="15.479" errors="0" timestamp="2023-03-12T00:16:11 EST">
  <testcase classname="com.demoqa.Tests.UploadsDownloadsTest" name="verifyUserIsAbleTODownloadFile" time="3.097"/>
  <testcase classname="com.demoqa.Tests.UploadsDownloadsTest" name="verifyuploadFunctionality" time="0.058"/>
  <testcase classname="com.demoqa.Tests.NewPage" name="verifyuploadFunctionality" time="0.002"/>
</testsuite> <!-- Test -->
