<?xml version="1.0" encoding="UTF-8"?>
<testng-results ignored="0" total="3" passed="3" failed="0" skipped="0">
  <reporter-output>
  </reporter-output>
  <suite started-at="2023-03-12T00:15:55 EST" name="Suite" finished-at="2023-03-12T00:16:11 EST" duration-ms="15479">
    <groups>
    </groups>
    <test started-at="2023-03-12T00:15:55 EST" name="Test" finished-at="2023-03-12T00:16:11 EST" duration-ms="15479">
      <class name="com.demoqa.Tests.UploadsDownloadsTest">
        <test-method is-config="true" signature="setUp()[pri:0, instance:com.demoqa.Tests.UploadsDownloadsTest@5403f35f]" started-at="2023-03-12T00:15:55 EST" name="setUp" finished-at="2023-03-12T00:16:00 EST" duration-ms="4249" status="PASS">
          <reporter-output>
          </reporter-output>
        </test-method> <!-- setUp -->
        <test-method signature="verifyUserIsAbleTODownloadFile()[pri:0, instance:com.demoqa.Tests.UploadsDownloadsTest@5403f35f]" started-at="2023-03-12T00:16:00 EST" name="verifyUserIsAbleTODownloadFile" finished-at="2023-03-12T00:16:03 EST" duration-ms="3097" status="PASS">
          <reporter-output>
          </reporter-output>
        </test-method> <!-- verifyUserIsAbleTODownloadFile -->
        <test-method is-config="true" signature="tearDown()[pri:0, instance:com.demoqa.Tests.UploadsDownloadsTest@5403f35f]" started-at="2023-03-12T00:16:03 EST" name="tearDown" finished-at="2023-03-12T00:16:03 EST" duration-ms="113" status="PASS">
          <reporter-output>
          </reporter-output>
        </test-method> <!-- tearDown -->
        <test-method is-config="true" signature="setUp()[pri:0, instance:com.demoqa.Tests.UploadsDownloadsTest@5403f35f]" started-at="2023-03-12T00:16:03 EST" name="setUp" finished-at="2023-03-12T00:16:07 EST" duration-ms="3853" status="PASS">
          <reporter-output>
          </reporter-output>
        </test-method> <!-- setUp -->
        <test-method signature="verifyuploadFunctionality()[pri:0, instance:com.demoqa.Tests.UploadsDownloadsTest@5403f35f]" started-at="2023-03-12T00:16:07 EST" name="verifyuploadFunctionality" finished-at="2023-03-12T00:16:07 EST" duration-ms="58" status="PASS">
          <reporter-output>
          </reporter-output>
        </test-method> <!-- verifyuploadFunctionality -->
        <test-method is-config="true" signature="tearDown()[pri:0, instance:com.demoqa.Tests.UploadsDownloadsTest@5403f35f]" started-at="2023-03-12T00:16:07 EST" name="tearDown" finished-at="2023-03-12T00:16:07 EST" duration-ms="80" status="PASS">
          <reporter-output>
          </reporter-output>
        </test-method> <!-- tearDown -->
      </class> <!-- com.demoqa.Tests.UploadsDownloadsTest -->
      <class name="com.demoqa.Tests.NewPage">
        <test-method is-config="true" signature="setUp()[pri:0, instance:com.demoqa.Tests.NewPage@21e360a]" started-at="2023-03-12T00:16:07 EST" name="setUp" finished-at="2023-03-12T00:16:11 EST" duration-ms="3918" status="PASS">
          <reporter-output>
          </reporter-output>
        </test-method> <!-- setUp -->
        <test-method signature="verifyuploadFunctionality()[pri:0, instance:com.demoqa.Tests.NewPage@21e360a]" started-at="2023-03-12T00:16:11 EST" name="verifyuploadFunctionality" finished-at="2023-03-12T00:16:11 EST" duration-ms="2" status="PASS">
          <reporter-output>
          </reporter-output>
        </test-method> <!-- verifyuploadFunctionality -->
        <test-method is-config="true" signature="tearDown()[pri:0, instance:com.demoqa.Tests.NewPage@21e360a]" started-at="2023-03-12T00:16:11 EST" name="tearDown" finished-at="2023-03-12T00:16:11 EST" duration-ms="84" status="PASS">
          <reporter-output>
          </reporter-output>
        </test-method> <!-- tearDown -->
      </class> <!-- com.demoqa.Tests.NewPage -->
    </test> <!-- Test -->
  </suite> <!-- Suite -->
</testng-results>
